<?xml version="1.0" encoding="UTF-8"?>
<!-- Generated by org.testng.reporters.JUnitReportReporter -->
<testsuite hostname="DESKTOP-IVHRL9V" failures="0" tests="1" name="TestNG.cupple" time="2.549" errors="0" timestamp="2024-12-06T11:53:47 IST" skipped="0">
  <testcase classname="TestNG.cupple" name="signup" time="2.549"/>
  <system-out/>
</testsuite> <!-- TestNG.cupple -->
