<?xml version="1.0" encoding="UTF-8"?>
<!-- Generated by org.testng.reporters.JUnitReportReporter -->
<testsuite hostname="DESKTOP-IVHRL9V" failures="0" tests="2" name="TestNG.script02" time="0.004" errors="0" timestamp="2024-11-27T12:05:54 IST" skipped="0">
  <testcase classname="TestNG.script02" name="Testcase2" time="0.002"/>
  <system-out>
    <![CDATA[good afternoon]]>
  </system-out>
  <testcase classname="TestNG.script02" name="Testcase" time="0.002"/>
  <system-out>
    <![CDATA[good morning]]>
  </system-out>
</testsuite> <!-- TestNG.script02 -->
