<?xml version="1.0" encoding="UTF-8"?>
<!-- Generated by org.testng.reporters.JUnitReportReporter -->
<testsuite hostname="DESKTOP-IVHRL9V" failures="0" tests="1" name="TestNG.Assertion" time="38.388" errors="0" timestamp="2024-12-06T15:14:37 IST" skipped="0">
  <testcase classname="TestNG.Assertion" name="signup" time="38.388"/>
  <system-out/>
</testsuite> <!-- TestNG.Assertion -->
