<?xml version="1.0" encoding="UTF-8"?>
<!-- Generated by org.testng.reporters.JUnitReportReporter -->
<testsuite hostname="DESKTOP-IVHRL9V" failures="0" tests="2" name="TestNG.script01" time="0.015" errors="0" timestamp="2024-11-27T12:05:54 IST" skipped="0">
  <testcase classname="TestNG.script01" name="Testcase" time="0.013"/>
  <system-out>
    <![CDATA[hello]]>
  </system-out>
  <testcase classname="TestNG.script01" name="Testcase1" time="0.002"/>
  <system-out>
    <![CDATA[Good Evening]]>
  </system-out>
</testsuite> <!-- TestNG.script01 -->
